<?xml version="1.0" encoding="UTF-8"?>
<!-- Generated by org.testng.reporters.JUnitXMLReporter -->
<testsuite ignored="0" hostname="LAPTOP-EHTD18PC" failures="0" tests="3" name="Tests" time="74.842" errors="0" timestamp="08 Oct 2021 06:29:31 GMT">
  <testcase classname="com.sample.test.demo.tests.DemoTest" name="demoTest" time="0.017"/>
  <testcase classname="com.sample.test.demo.tests.OrderPizza" name="OrderPizza" time="50.785"/>
  <testcase classname="com.sample.test.demo.tests.OrderPizzaWithSomeMissingValues" name="OrderPizza_Missing_NameField" time="0.729"/>
</testsuite> <!-- Tests -->
