<?xml version="1.0" encoding="UTF-8"?>
<testng-results ignored="0" total="3" passed="3" failed="0" skipped="0">
  <reporter-output>
  </reporter-output>
  <suite started-at="2021-10-08T06:28:16Z" name="DemoProject" finished-at="2021-10-08T06:29:31Z" duration-ms="74842">
    <groups>
    </groups>
    <test started-at="2021-10-08T06:28:16Z" name="Tests" finished-at="2021-10-08T06:29:31Z" duration-ms="74842">
      <class name="com.sample.test.demo.tests.OrderPizza">
        <test-method is-config="true" signature="init()[pri:0, instance:com.sample.test.demo.tests.OrderPizza@29176cc1]" started-at="2021-10-08T06:28:25Z" name="init" finished-at="2021-10-08T06:28:31Z" duration-ms="6427" status="PASS">
          <reporter-output>
          </reporter-output>
        </test-method> <!-- init -->
        <test-method signature="OrderPizza()[pri:0, instance:com.sample.test.demo.tests.OrderPizza@29176cc1]" started-at="2021-10-08T06:28:31Z" name="OrderPizza" finished-at="2021-10-08T06:29:22Z" duration-ms="50785" status="PASS">
          <reporter-output>
          </reporter-output>
        </test-method> <!-- OrderPizza -->
        <test-method is-config="true" signature="tearDown()[pri:0, instance:com.sample.test.demo.tests.OrderPizza@29176cc1]" started-at="2021-10-08T06:29:22Z" name="tearDown" finished-at="2021-10-08T06:29:23Z" duration-ms="683" status="PASS">
          <reporter-output>
          </reporter-output>
        </test-method> <!-- tearDown -->
      </class> <!-- com.sample.test.demo.tests.OrderPizza -->
      <class name="com.sample.test.demo.tests.OrderPizzaWithSomeMissingValues">
        <test-method is-config="true" signature="init()[pri:0, instance:com.sample.test.demo.tests.OrderPizzaWithSomeMissingValues@2f177a4b]" started-at="2021-10-08T06:29:23Z" name="init" finished-at="2021-10-08T06:29:30Z" duration-ms="6717" status="PASS">
          <reporter-output>
          </reporter-output>
        </test-method> <!-- init -->
        <test-method signature="OrderPizza_Missing_NameField()[pri:0, instance:com.sample.test.demo.tests.OrderPizzaWithSomeMissingValues@2f177a4b]" started-at="2021-10-08T06:29:30Z" name="OrderPizza_Missing_NameField" finished-at="2021-10-08T06:29:30Z" duration-ms="729" status="PASS">
          <reporter-output>
          </reporter-output>
        </test-method> <!-- OrderPizza_Missing_NameField -->
        <test-method is-config="true" signature="tearDown()[pri:0, instance:com.sample.test.demo.tests.OrderPizzaWithSomeMissingValues@2f177a4b]" started-at="2021-10-08T06:29:30Z" name="tearDown" finished-at="2021-10-08T06:29:31Z" duration-ms="637" status="PASS">
          <reporter-output>
          </reporter-output>
        </test-method> <!-- tearDown -->
      </class> <!-- com.sample.test.demo.tests.OrderPizzaWithSomeMissingValues -->
      <class name="com.sample.test.demo.tests.DemoTest">
        <test-method is-config="true" signature="init()[pri:0, instance:com.sample.test.demo.tests.DemoTest@27ae2fd0]" started-at="2021-10-08T06:28:16Z" name="init" finished-at="2021-10-08T06:28:24Z" duration-ms="7390" status="PASS">
          <reporter-output>
          </reporter-output>
        </test-method> <!-- init -->
        <test-method signature="demoTest()[pri:0, instance:com.sample.test.demo.tests.DemoTest@27ae2fd0]" started-at="2021-10-08T06:28:24Z" name="demoTest" finished-at="2021-10-08T06:28:24Z" duration-ms="17" status="PASS">
          <reporter-output>
          </reporter-output>
        </test-method> <!-- demoTest -->
        <test-method is-config="true" signature="tearDown()[pri:0, instance:com.sample.test.demo.tests.DemoTest@27ae2fd0]" started-at="2021-10-08T06:28:24Z" name="tearDown" finished-at="2021-10-08T06:28:25Z" duration-ms="1440" status="PASS">
          <reporter-output>
          </reporter-output>
        </test-method> <!-- tearDown -->
      </class> <!-- com.sample.test.demo.tests.DemoTest -->
    </test> <!-- Tests -->
  </suite> <!-- DemoProject -->
</testng-results>
